<?xml version="1.0" encoding="UTF-8"?>
<!-- Generated by org.testng.reporters.JUnitReportReporter -->
<testsuite name="com.test.Automation.sel.Digin.Registration" tests="1" time="20.109" ignored="0" failures="0" timestamp="13 Oct 2017 07:11:07 GMT" skipped="0" hostname="WMS-PC" errors="0">
  <testcase name="registration" time="20.109" classname="com.test.Automation.sel.Digin.Registration"/>
</testsuite> <!-- com.test.Automation.sel.Digin.Registration -->
