<?xml version="1.0" encoding="UTF-8"?>
<!-- Generated by org.testng.reporters.JUnitReportReporter -->
<testsuite name="com.test.Automation.sel.Digin.Verifylogin" tests="4" time="276.576" ignored="0" failures="0" timestamp="14 Sep 2017 09:26:20 GMT" skipped="0" hostname="WMS-PC" errors="0">
  <testcase name="getLoginData" time="50.475" classname="com.test.Automation.sel.Digin.Verifylogin"/>
  <testcase name="getLoginData" time="114.605" classname="com.test.Automation.sel.Digin.Verifylogin"/>
  <testcase name="getLoginData" time="50.398" classname="com.test.Automation.sel.Digin.Verifylogin"/>
  <testcase name="getLoginData" time="61.098" classname="com.test.Automation.sel.Digin.Verifylogin"/>
</testsuite> <!-- com.test.Automation.sel.Digin.Verifylogin -->
